<?xml version="1.0" encoding="UTF-8"?>
<!-- Generated by org.testng.reporters.JUnitReportReporter -->
<testsuite hostname="LAPTOP-N9C49PUS" failures="0" tests="1" name="restAssuredTests.Get_Req_By_UserId" time="2.506" errors="0" timestamp="2024-02-14T11:33:20 CST" skipped="0">
  <testcase classname="restAssuredTests.Get_Req_By_UserId" name="userDetails" time="2.506"/>
</testsuite> <!-- restAssuredTests.Get_Req_By_UserId -->
