<?xml version="1.0" encoding="UTF-8"?>
<!-- Generated by org.testng.reporters.JUnitReportReporter -->
<testsuite hostname="LAPTOP-N9C49PUS" failures="0" tests="7" name="restAssuredUserAPI.AllRequests" time="23.167" errors="0" timestamp="2024-02-15T10:58:47 CST" skipped="0">
  <testcase classname="restAssuredUserAPI.AllRequests" name="getUsers" time="3.566"/>
  <testcase classname="restAssuredUserAPI.AllRequests" name="createUser" time="3.836"/>
  <testcase classname="restAssuredUserAPI.AllRequests" name="getUserByUserId" time="3.069"/>
  <testcase classname="restAssuredUserAPI.AllRequests" name="getUserByFirstname" time="2.532"/>
  <testcase classname="restAssuredUserAPI.AllRequests" name="updateUser" time="4.724"/>
  <testcase classname="restAssuredUserAPI.AllRequests" name="deleteUserByUserId" time="4.002"/>
  <testcase classname="restAssuredUserAPI.AllRequests" name="deleteUserByFirstName" time="1.438"/>
</testsuite> <!-- restAssuredUserAPI.AllRequests -->
