<?xml version="1.0" encoding="UTF-8"?>
<!-- Generated by org.testng.reporters.JUnitReportReporter -->
<testsuite hostname="LAPTOP-N9C49PUS" failures="0" tests="5" name="dataDrivenUserAPIUsingExcel.DatadrivenTest" time="3.904" errors="0" timestamp="2024-02-15T16:25:57 CST" skipped="0">
  <testcase classname="dataDrivenUserAPIUsingExcel.DatadrivenTest" name="postNewUser" time="0.449"/>
  <testcase classname="dataDrivenUserAPIUsingExcel.DatadrivenTest" name="postNewUser" time="2.431"/>
  <testcase classname="dataDrivenUserAPIUsingExcel.DatadrivenTest" name="postNewUser" time="0.352"/>
  <testcase classname="dataDrivenUserAPIUsingExcel.DatadrivenTest" name="getUserById" time="0.341"/>
  <testcase classname="dataDrivenUserAPIUsingExcel.DatadrivenTest" name="deleteUserById" time="0.331"/>
</testsuite> <!-- dataDrivenUserAPIUsingExcel.DatadrivenTest -->
