<?xml version="1.0" encoding="UTF-8"?>
<!-- Generated by org.testng.reporters.JUnitReportReporter -->
<testsuite hostname="LAPTOP-N9C49PUS" failures="0" tests="1" name="restAssuredTests.Get_Req_By_First_Name" time="3.222" errors="0" timestamp="2024-02-14T10:43:36 CST" skipped="0">
  <testcase classname="restAssuredTests.Get_Req_By_First_Name" name="userDetailsByFirstname" time="3.222"/>
</testsuite> <!-- restAssuredTests.Get_Req_By_First_Name -->
