<?xml version="1.0" encoding="UTF-8"?>
<!-- Generated by org.testng.reporters.JUnitReportReporter -->
<testsuite hostname="LAPTOP-N9C49PUS" failures="0" tests="1" name="restAssuredTests.Get_All_Users" time="3.597" errors="0" timestamp="2024-02-14T12:47:12 CST" skipped="0">
  <testcase classname="restAssuredTests.Get_All_Users" name="getAllUsers" time="3.597"/>
</testsuite> <!-- restAssuredTests.Get_All_Users -->
