<?xml version="1.0" encoding="UTF-8"?>
<!-- Generated by org.testng.reporters.JUnitReportReporter -->
<testsuite hostname="LAPTOP-N9C49PUS" failures="0" tests="1" name="restAssuredUserAPIChaining.GetUserByFirstName$Get_Req_By_First_Name" time="1.837" errors="0" timestamp="2024-02-15T10:52:17 CST" skipped="0">
  <testcase classname="restAssuredUserAPIChaining.GetUserByFirstName$Get_Req_By_First_Name" name="userDetailsByFirstname" time="1.837"/>
</testsuite> <!-- restAssuredUserAPIChaining.GetUserByFirstName$Get_Req_By_First_Name -->
