<?xml version="1.0" encoding="UTF-8"?>
<!-- Generated by org.testng.reporters.JUnitReportReporter -->
<testsuite hostname="LAPTOP-N9C49PUS" failures="0" tests="6" name="serializationDeserialization.createUserWithSerialization" time="4.423" errors="0" timestamp="2024-02-15T17:40:12 CST" skipped="0">
  <testcase classname="serializationDeserialization.createUserWithSerialization" name="createUser" time="2.711"/>
  <testcase classname="serializationDeserialization.createUserWithSerialization" name="getUserByUserId" time="0.373"/>
  <testcase classname="serializationDeserialization.createUserWithSerialization" name="getUserByFirstname" time="0.352"/>
  <testcase classname="serializationDeserialization.createUserWithSerialization" name="updateUser" time="0.334"/>
  <testcase classname="serializationDeserialization.createUserWithSerialization" name="deleteUserByUserId" time="0.336"/>
  <testcase classname="serializationDeserialization.createUserWithSerialization" name="deleteUserByFirstName" time="0.317"/>
</testsuite> <!-- serializationDeserialization.createUserWithSerialization -->
