<?xml version="1.0" encoding="UTF-8"?>
<!-- Generated by org.testng.reporters.JUnitReportReporter -->
<testsuite hostname="LAPTOP-N9C49PUS" failures="0" tests="5" name="UserAPI_Using_JSON_File.UserAPIUsingJSONFile" time="5.753" errors="0" timestamp="2024-02-15T21:36:33 CST" skipped="0">
  <testcase classname="UserAPI_Using_JSON_File.UserAPIUsingJSONFile" name="createUser" time="3.041"/>
  <testcase classname="UserAPI_Using_JSON_File.UserAPIUsingJSONFile" name="getUserByUserId" time="0.717"/>
  <testcase classname="UserAPI_Using_JSON_File.UserAPIUsingJSONFile" name="getUserByUserName" time="1.173"/>
  <testcase classname="UserAPI_Using_JSON_File.UserAPIUsingJSONFile" name="deleteUserByUserId" time="0.498"/>
  <testcase classname="UserAPI_Using_JSON_File.UserAPIUsingJSONFile" name="deleteUserByFirstName" time="0.324"/>
</testsuite> <!-- UserAPI_Using_JSON_File.UserAPIUsingJSONFile -->
