<?xml version="1.0" encoding="UTF-8"?>
<!-- Generated by org.testng.reporters.JUnitReportReporter -->
<testsuite hostname="LAPTOP-N9C49PUS" failures="0" tests="1" name="restAssuredTests.Delete_User_By_First_Name" time="3.206" errors="0" timestamp="2024-02-14T10:57:23 CST" skipped="0">
  <testcase classname="restAssuredTests.Delete_User_By_First_Name" name="deleteUserId" time="3.206"/>
</testsuite> <!-- restAssuredTests.Delete_User_By_First_Name -->
