<?xml version="1.0" encoding="UTF-8"?>
<!-- Generated by org.testng.reporters.JUnitReportReporter -->
<testsuite hostname="LAPTOP-N9C49PUS" failures="0" tests="1" name="restAssuredTests.Put_Req_To_Update_User" time="2.597" errors="0" timestamp="2024-02-14T09:58:39 CST" skipped="0">
  <testcase classname="restAssuredTests.Put_Req_To_Update_User" name="testPost" time="2.597"/>
</testsuite> <!-- restAssuredTests.Put_Req_To_Update_User -->
