<?xml version="1.0" encoding="UTF-8"?>
<!-- Generated by org.testng.reporters.JUnitReportReporter -->
<testsuite hostname="LAPTOP-N9C49PUS" failures="0" tests="1" name="restAssuredUserAPIChaining.DeleteUserByUserId" time="0.342" errors="0" timestamp="2024-02-15T10:52:17 CST" skipped="0">
  <testcase classname="restAssuredUserAPIChaining.DeleteUserByUserId" name="deleteUserDetailsById" time="0.342"/>
</testsuite> <!-- restAssuredUserAPIChaining.DeleteUserByUserId -->
